<?xml version="1.0" encoding="UTF-8"?>
<!-- Generated by org.testng.reporters.JUnitXMLReporter -->
<testsuite hostname="logesh" ignored="0" name="Test" tests="4" failures="0" timestamp="2021-09-27T11:14:41 IST" time="7.068" errors="0">
  <testcase name="login" time="2.525" classname="loginTest.Udemy"/>
  <testcase name="invalidDataCheck" time="0.003" classname="loginTest.AppTest"/>
  <testcase name="validDataCheck" time="0.0" classname="loginTest.AppTest"/>
  <testcase name="checkingComparision" time="0.0" classname="loginTest.Comparision"/>
</testsuite> <!-- Test -->
